Build started 12/11/2012 1:44:26 PM.
     1>Project "L:\gconlon13\CS278\Final project\Project.vcxproj" on node 2 (build target(s)).
     1>InitializeBuildStatus:
         Creating "Debug\Piano.unsuccessfulbuild" because "AlwaysCreate" was specified.
       _MASM:
         Assembling [Inputs]...
         cmd.exe /C "C:\Users\gconlon13\AppData\Local\Temp\ca9363b5078c4f9e9e32d354e71a039b.cmd"
         ml.exe /c /nologo /Sg /Zi /Fo"Debug\main.obj" /Fl"assembler_listing.lst" /I "N:\Irvine" /W3 /errorReport:prompt  /Tamain.asm
       Link:
         c:\Program Files (x86)\Microsoft Visual Studio 10.0\VC\bin\link.exe /ERRORREPORT:PROMPT /OUT:"L:\gconlon13\CS278\Final project\Debug\Piano.exe" /NOLOGO /LIBPATH:N:\Irvine user32.lib irvine32.lib kernel32.lib user32.lib gdi32.lib winspool.lib comdlg32.lib advapi32.lib shell32.lib ole32.lib oleaut32.lib uuid.lib odbc32.lib odbccp32.lib /MANIFEST /ManifestFile:"Debug\Piano.exe.intermediate.manifest" /MANIFESTUAC:"level='asInvoker' uiAccess='false'" /DEBUG /PDB:"L:\gconlon13\CS278\Final project\Debug\Piano.pdb" /SUBSYSTEM:CONSOLE /TLBID:1 /DYNAMICBASE:NO /IMPLIB:"L:\gconlon13\CS278\Final project\Debug\Piano.lib" /MACHINE:X86 Debug\main.obj
         LINK : L:\gconlon13\CS278\Final project\Debug\Piano.exe not found or not built by the last incremental link; performing full link
         Project.vcxproj -> L:\gconlon13\CS278\Final project\Debug\Piano.exe
       Manifest:
         C:\Program Files (x86)\Microsoft SDKs\Windows\v7.0A\bin\mt.exe /nologo /verbose /outputresource:"L:\gconlon13\CS278\Final project\Debug\Piano.exe;#1" /manifest Debug\Piano.exe.intermediate.manifest
       FinalizeBuildStatus:
         Deleting file "Debug\Piano.unsuccessfulbuild".
         Touching "Debug\Piano.lastbuildstate".
     1>Done Building Project "L:\gconlon13\CS278\Final project\Project.vcxproj" (build target(s)).

Build succeeded.

Time Elapsed 00:00:00.93
